2026-04-03 13:44:51 +0000  Initial pipeline context: <IDEDistributionProcessingPipelineContext: 0xc665ff600; archive(resolved)="<IDEArchive: 0xc972ae990>", distributionTask(resolved)="2", distributionDestination(resolved)="1", distributionMethod(resolved)="<IDEDistributionMethodiOSAdHoc: 0xc86243be0>", team(resolved)="<IDEProvisioningDisambiguatableBasicTeam: 0xc7433ab00; teamID='M5KY362T53', teamName='Lourdhu Thumma', teamType='Individual', username='express4reddy@gmail.com', isFreeProvisioningTeam='0'>">
	Chain (16, self inclusive):
	<IDEDistributionProcessingPipelineContext: 0xc665ff600; archive = "<IDEArchive: 0xc972ae990>", distributionMethod="<IDEDistributionMethodiOSAdHoc: 0xc86243be0>", team="<IDEProvisioningDisambiguatableBasicTeam: 0xc7433ab00; teamID='M5KY362T53', teamName='Lourdhu Thumma', teamType='Individual', username='express4reddy@gmail.com', isFreeProvisioningTeam='0'>">
	<IDEDistributionProcessingPipelineContext: 0xc667a5800; archive = "<IDEArchive: 0xc972ae990>", distributionMethod="<IDEDistributionMethodiOSAdHoc: 0xc86243be0>", team="<IDEProvisioningDisambiguatableBasicTeam: 0xc7433ab00; teamID='M5KY362T53', teamName='Lourdhu Thumma', teamType='Individual', username='express4reddy@gmail.com', isFreeProvisioningTeam='0'>">
	<IDEDistributionContext: 0xc987ade00; archive = "<IDEArchive: 0xc972ae990>", distributionMethod="<IDEDistributionMethodiOSAdHoc: 0xc86243be0>", team="<IDEProvisioningDisambiguatableBasicTeam: 0xc7433ab00; teamID='M5KY362T53', teamName='Lourdhu Thumma', teamType='Individual', username='express4reddy@gmail.com', isFreeProvisioningTeam='0'>">
	<IDEDistributionContext: 0xc99696580; archive = "<IDEArchive: 0xc972ae990>", distributionMethod="<IDEDistributionMethodiOSAdHoc: 0xc86243be0>", team="<IDEProvisioningDisambiguatableBasicTeam: 0xc7433ab00; teamID='M5KY362T53', teamName='Lourdhu Thumma', teamType='Individual', username='express4reddy@gmail.com', isFreeProvisioningTeam='0'>">
	<IDEDistributionContext: 0xc99696800; archive = "<IDEArchive: 0xc972ae990>", distributionMethod="<IDEDistributionMethodiOSAdHoc: 0xc86243be0>", team="<IDEProvisioningDisambiguatableBasicTeam: 0xc7433ab00; teamID='M5KY362T53', teamName='Lourdhu Thumma', teamType='Individual', username='express4reddy@gmail.com', isFreeProvisioningTeam='0'>">
	<IDEDistributionContext: 0xc98667980; archive = "<IDEArchive: 0xc972ae990>", distributionMethod="<IDEDistributionMethodiOSAdHoc: 0xc86243be0>", team="<IDEProvisioningDisambiguatableBasicTeam: 0xc7433ab00; teamID='M5KY362T53', teamName='Lourdhu Thumma', teamType='Individual', username='express4reddy@gmail.com', isFreeProvisioningTeam='0'>">
	<IDEDistributionContext: 0xc97237980; archive = "<IDEArchive: 0xc972ae990>", distributionMethod="<IDEDistributionMethodiOSAdHoc: 0xc86243be0>", team="<IDEProvisioningDisambiguatableBasicTeam: 0xc7433ab00; teamID='M5KY362T53', teamName='Lourdhu Thumma', teamType='Individual', username='express4reddy@gmail.com', isFreeProvisioningTeam='0'>">
	<IDEDistributionContext: 0xc97235e00; archive = "<IDEArchive: 0xc972ae990>", distributionMethod="<IDEDistributionMethodiOSAdHoc: 0xc86243be0>", team="<IDEProvisioningDisambiguatableBasicTeam: 0xc7433ab00; teamID='M5KY362T53', teamName='Lourdhu Thumma', teamType='Individual', username='express4reddy@gmail.com', isFreeProvisioningTeam='0'>">
	<IDEDistributionContext: 0xc97235900; archive = "<IDEArchive: 0xc972ae990>", distributionMethod="<IDEDistributionMethodiOSAdHoc: 0xc86243be0>", team="<IDEProvisioningDisambiguatableBasicTeam: 0xc7433ab00; teamID='M5KY362T53', teamName='Lourdhu Thumma', teamType='Individual', username='express4reddy@gmail.com', isFreeProvisioningTeam='0'>">
	<IDEDistributionContext: 0xc97236800; archive = "<IDEArchive: 0xc972ae990>", distributionMethod="<IDEDistributionMethodiOSAdHoc: 0xc86243be0>", team="(null)">
	<IDEDistributionContext: 0xc97237c00; archive = "<IDEArchive: 0xc972ae990>", distributionMethod="<IDEDistributionMethodiOSAdHoc: 0xc86243be0>", team="(null)">
	<IDEDistributionContext: 0xc8ee86080; archive = "<IDEArchive: 0xc972ae990>", distributionMethod="<IDEDistributionMethodiOSAdHoc: 0xc86243be0>", team="(null)">
	<IDEDistributionContext: 0xc96fbd400; archive = "<IDEArchive: 0xc972ae990>", distributionMethod="<IDEDistributionMethodiOSAdHoc: 0xc86243be0>", team="(null)">
	<IDEDistributionContext: 0xc99615180; archive = "<IDEArchive: 0xc972ae990>", distributionMethod="(null)", team="(null)">
	<IDEDistributionContext: 0xc8ec5f200; archive = "<IDEArchive: 0xc972ae990>", distributionMethod="(null)", team="(null)">
	<IDEDistributionContext: 0xc8e872a80; archive = "<IDEArchive: 0xc972ae990>", distributionMethod="(null)", team="(null)">
</IDEDistributionProcessingPipelineContext: 0xc665ff600>
2026-04-03 13:44:51 +0000  Processing step: IDEDistributionCreateDestRootStep
2026-04-03 13:44:51 +0000  Processing step: IDEDistributionCopyItemStep
2026-04-03 13:44:51 +0000  Running /usr/bin/ditto '-V' '/Users/reddy/Library/Developer/Xcode/Archives/2026-04-03/Wallredy 4-3-26, 9.44 AM.xcarchive/Products/Applications/Wallredy.app' '/var/folders/mw/_10cgxmn7k12ln3l4z2gv96w0000gn/T/XcodeDistPipeline.~~~1WqA2V/Root/Payload/Wallredy.app'
2026-04-03 13:44:51 +0000  >>> Copying /Users/reddy/Library/Developer/Xcode/Archives/2026-04-03/Wallredy 4-3-26, 9.44 AM.xcarchive/Products/Applications/Wallredy.app 
2026-04-03 13:44:51 +0000  copying file ./_CodeSignature/CodeResources ... 
2026-04-03 13:44:51 +0000  2775 bytes for ./_CodeSignature/CodeResources
2026-04-03 13:44:51 +0000  copying file ./Wallredy ... 
2026-04-03 13:44:51 +0000  369984 bytes for ./Wallredy
2026-04-03 13:44:51 +0000  copying file ./AppIcon60x60@2x.png ... 
2026-04-03 13:44:51 +0000  1895 bytes for ./AppIcon60x60@2x.png
2026-04-03 13:44:51 +0000  copying file ./Assets.car ... 
2026-04-03 13:44:51 +0000  44248 bytes for ./Assets.car
2026-04-03 13:44:51 +0000  copying file ./AppIcon76x76@2x~ipad.png ... 
2026-04-03 13:44:51 +0000  2478 bytes for ./AppIcon76x76@2x~ipad.png
2026-04-03 13:44:51 +0000  copying file ./embedded.mobileprovision ... 
2026-04-03 13:44:51 +0000  12367 bytes for ./embedded.mobileprovision
2026-04-03 13:44:51 +0000  copying file ./Info.plist ... 
2026-04-03 13:44:51 +0000  1427 bytes for ./Info.plist
2026-04-03 13:44:51 +0000  copying file ./PkgInfo ... 
2026-04-03 13:44:51 +0000  8 bytes for ./PkgInfo
2026-04-03 13:44:51 +0000  /usr/bin/ditto exited with 0
2026-04-03 13:44:51 +0000  Processing step: IDEDistributionEmbedProfileStep
2026-04-03 13:44:51 +0000  Processing step: IDEDistributionInfoPlistStep
2026-04-03 13:44:51 +0000  Skipping step: IDEDistributionInfoPlistStep because it said so
2026-04-03 13:44:51 +0000  Processing step: IDEDistributionAppThinningPlistStep
2026-04-03 13:44:51 +0000  Skipping step: IDEDistributionAppThinningPlistStep because it said so
2026-04-03 13:44:51 +0000  Processing step: IDEDistributionSymbolsStep
2026-04-03 13:44:51 +0000  Skipping step: IDEDistributionSymbolsStep because it said so
2026-04-03 13:44:51 +0000  Processing step: IDEDistributionAppThinningStep
2026-04-03 13:44:51 +0000  Skipping step: IDEDistributionAppThinningStep because it said so
2026-04-03 13:44:51 +0000  Processing step: IDEDistributionArchThinningStep
2026-04-03 13:44:51 +0000  Archs to thin for item /Users/reddy/Library/Developer/Xcode/Archives/2026-04-03/Wallredy 4-3-26, 9.44 AM.xcarchive/Products/Applications/Wallredy.app are []
2026-04-03 13:44:51 +0000  Processing step: IDEDistributionODRStep
2026-04-03 13:44:51 +0000  Processing step: IDEDistributionStripXattrsStep
2026-04-03 13:44:51 +0000  Skipping stripping extended attributes because the codesign step will strip them.
2026-04-03 13:44:51 +0000  Processing step: IDEDistributionCodesignStep
2026-04-03 13:44:51 +0000  Entitlements for <IDEDistributionItem: 0xc66289f20; bundleID='com.swyftwall.app', path='<DVTFilePath:0xc7f6c5b60:'/Users/reddy/Library/Developer/Xcode/Archives/2026-04-03/Wallredy 4-3-26, 9.44 AM.xcarchive/Products/Applications/Wallredy.app'>', codeSigningInfo='<_DVTCodeSigningInformation_Path: 0xc66289fe0; isSigned='1', isAdHocSigned='0', signingCertificate='<DVTSigningCertificate: 0xc66aa1080; name='Apple Development: Lourdhu Thumma (JXDSC7854N)', hash='EE2B24DD6B409A31549C8A5775E0A524A94E7B40', serialNumber='26146C2B97D2B56E79F8BDD50475E320', certificateKinds='(
    "1.2.840.113635.100.6.1.12",
    "1.2.840.113635.100.6.1.2"
), issueDate='2026-04-02 21:49:56 +0000''>', entitlements='{
    "application-identifier" = "M5KY362T53.com.swyftwall.app";
    "com.apple.developer.team-identifier" = M5KY362T53;
    "get-task-allow" = 1;
}', teamID='M5KY362T53', identifier='com.swyftwall.app', executablePath='<DVTFilePath:0xc6629cc00:'/Users/reddy/Library/Developer/Xcode/Archives/2026-04-03/Wallredy 4-3-26, 9.44 AM.xcarchive/Products/Applications/Wallredy.app/Wallredy'>', hardenedRuntime='0'>'>: {
    "application-identifier" = "M5KY362T53.com.swyftwall.app";
    "com.apple.developer.team-identifier" = M5KY362T53;
    "get-task-allow" = 0;
}
2026-04-03 13:44:51 +0000  Associated App Clip Identifiers Filter: Skipping because "com.apple.developer.associated-appclip-app-identifiers" is not present
2026-04-03 13:44:51 +0000  Entitlements for <IDEDistributionItem: 0xc66289f20; bundleID='com.swyftwall.app', path='<DVTFilePath:0xc7f6c5b60:'/Users/reddy/Library/Developer/Xcode/Archives/2026-04-03/Wallredy 4-3-26, 9.44 AM.xcarchive/Products/Applications/Wallredy.app'>', codeSigningInfo='<_DVTCodeSigningInformation_Path: 0xc66289fe0; isSigned='1', isAdHocSigned='0', signingCertificate='<DVTSigningCertificate: 0xc66aa3600; name='Apple Development: Lourdhu Thumma (JXDSC7854N)', hash='EE2B24DD6B409A31549C8A5775E0A524A94E7B40', serialNumber='26146C2B97D2B56E79F8BDD50475E320', certificateKinds='(
    "1.2.840.113635.100.6.1.12",
    "1.2.840.113635.100.6.1.2"
), issueDate='2026-04-02 21:49:56 +0000''>', entitlements='{
    "application-identifier" = "M5KY362T53.com.swyftwall.app";
    "com.apple.developer.team-identifier" = M5KY362T53;
    "get-task-allow" = 1;
}', teamID='M5KY362T53', identifier='com.swyftwall.app', executablePath='<DVTFilePath:0xc6629cc00:'/Users/reddy/Library/Developer/Xcode/Archives/2026-04-03/Wallredy 4-3-26, 9.44 AM.xcarchive/Products/Applications/Wallredy.app/Wallredy'>', hardenedRuntime='0'>'> are: {
    "application-identifier" = "M5KY362T53.com.swyftwall.app";
    "com.apple.developer.team-identifier" = M5KY362T53;
    "get-task-allow" = 0;
}
2026-04-03 13:44:51 +0000  Writing entitlements for <IDEDistributionItem: 0xc66289f20; bundleID='com.swyftwall.app', path='<DVTFilePath:0xc7f6c5b60:'/Users/reddy/Library/Developer/Xcode/Archives/2026-04-03/Wallredy 4-3-26, 9.44 AM.xcarchive/Products/Applications/Wallredy.app'>', codeSigningInfo='<_DVTCodeSigningInformation_Path: 0xc66289fe0; isSigned='1', isAdHocSigned='0', signingCertificate='<DVTSigningCertificate: 0xc66aa3600; name='Apple Development: Lourdhu Thumma (JXDSC7854N)', hash='EE2B24DD6B409A31549C8A5775E0A524A94E7B40', serialNumber='26146C2B97D2B56E79F8BDD50475E320', certificateKinds='(
    "1.2.840.113635.100.6.1.12",
    "1.2.840.113635.100.6.1.2"
), issueDate='2026-04-02 21:49:56 +0000''>', entitlements='{
    "application-identifier" = "M5KY362T53.com.swyftwall.app";
    "com.apple.developer.team-identifier" = M5KY362T53;
    "get-task-allow" = 1;
}', teamID='M5KY362T53', identifier='com.swyftwall.app', executablePath='<DVTFilePath:0xc6629cc00:'/Users/reddy/Library/Developer/Xcode/Archives/2026-04-03/Wallredy 4-3-26, 9.44 AM.xcarchive/Products/Applications/Wallredy.app/Wallredy'>', hardenedRuntime='0'>'> to: /var/folders/mw/_10cgxmn7k12ln3l4z2gv96w0000gn/T/XcodeDistPipeline.~~~1WqA2V/entitlements~~~LqJgzP
2026-04-03 13:44:51 +0000  invoking codesign: <NSConcreteTask: 0xc666f3c00; launchPath='/usr/bin/codesign', arguments='(
    "-f",
    "-s",
    931A4091F5D26209F697BF711933CB1D02A7CD02,
    "--entitlements",
    "/var/folders/mw/_10cgxmn7k12ln3l4z2gv96w0000gn/T/XcodeDistPipeline.~~~1WqA2V/entitlements~~~LqJgzP",
    "--preserve-metadata=identifier,flags,runtime,launch-constraints,library-constraints",
    "--generate-entitlement-der",
    "--strip-disallowed-xattrs",
    "-vvv",
    "/var/folders/mw/_10cgxmn7k12ln3l4z2gv96w0000gn/T/XcodeDistPipeline.~~~1WqA2V/Root/Payload/Wallredy.app"
)'>
2026-04-03 13:44:51 +0000  codesign output: /var/folders/mw/_10cgxmn7k12ln3l4z2gv96w0000gn/T/XcodeDistPipeline.~~~1WqA2V/Root/Payload/Wallredy.app: replacing existing signature
/var/folders/mw/_10cgxmn7k12ln3l4z2gv96w0000gn/T/XcodeDistPipeline.~~~1WqA2V/Root/Payload/Wallredy.app: signed app bundle with Mach-O thin (arm64) [com.swyftwall.app]
2026-04-03 13:44:51 +0000  Processing step: IDEDistributionZipODRItemStep
2026-04-03 13:44:51 +0000  Skipping step: IDEDistributionZipODRItemStep because it said so
2026-04-03 13:44:51 +0000  Processing step: IDEDistributionCreateIPAStep
2026-04-03 13:44:51 +0000  Running /usr/bin/ditto '-V' '-c' '-k' '--norsrc' '/var/folders/mw/_10cgxmn7k12ln3l4z2gv96w0000gn/T/XcodeDistPipeline.~~~1WqA2V/Root' '/var/folders/mw/_10cgxmn7k12ln3l4z2gv96w0000gn/T/XcodeDistPipeline.~~~1WqA2V/Packages/Wallredy.ipa'
2026-04-03 13:44:51 +0000  >>> Copying /var/folders/mw/_10cgxmn7k12ln3l4z2gv96w0000gn/T/XcodeDistPipeline.~~~1WqA2V/Root 
2026-04-03 13:44:51 +0000  copying file ./Payload/Wallredy.app/_CodeSignature/CodeResources ... 
2026-04-03 13:44:51 +0000  2775 bytes for ./Payload/Wallredy.app/_CodeSignature/CodeResources
2026-04-03 13:44:51 +0000  copying file ./Payload/Wallredy.app/Wallredy ... 
2026-04-03 13:44:51 +0000  369984 bytes for ./Payload/Wallredy.app/Wallredy
2026-04-03 13:44:51 +0000  copying file ./Payload/Wallredy.app/AppIcon60x60@2x.png ... 
2026-04-03 13:44:51 +0000  1895 bytes for ./Payload/Wallredy.app/AppIcon60x60@2x.png
2026-04-03 13:44:51 +0000  copying file ./Payload/Wallredy.app/Assets.car ... 
2026-04-03 13:44:51 +0000  44248 bytes for ./Payload/Wallredy.app/Assets.car
2026-04-03 13:44:51 +0000  copying file ./Payload/Wallredy.app/AppIcon76x76@2x~ipad.png ... 
2026-04-03 13:44:51 +0000  2478 bytes for ./Payload/Wallredy.app/AppIcon76x76@2x~ipad.png
2026-04-03 13:44:51 +0000  copying file ./Payload/Wallredy.app/embedded.mobileprovision ... 
2026-04-03 13:44:51 +0000  16564 bytes for ./Payload/Wallredy.app/embedded.mobileprovision
2026-04-03 13:44:51 +0000  copying file ./Payload/Wallredy.app/Info.plist ... 
2026-04-03 13:44:51 +0000  1427 bytes for ./Payload/Wallredy.app/Info.plist
2026-04-03 13:44:51 +0000  copying file ./Payload/Wallredy.app/PkgInfo ... 
8 bytes for ./Payload/Wallredy.app/PkgInfo
2026-04-03 13:44:51 +0000  /usr/bin/ditto exited with 0
2026-04-03 13:44:51 +0000  Processing step: IDEDistributionAppStoreInformationStep
2026-04-03 13:44:51 +0000  Skipping step: IDEDistributionAppStoreInformationStep because it said so
2026-04-03 13:44:51 +0000  Processing step: IDEDistributionGenerateProcessedDistributionItems
2026-04-03 13:44:51 +0000  IDEDistributionItem init <DVTFilePath:0xc662876c0:'/var/folders/mw/_10cgxmn7k12ln3l4z2gv96w0000gn/T/XcodeDistPipeline.~~~1WqA2V/Root/Payload/Wallredy.app'>
2026-04-03 13:44:51 +0000  Processing step: IDEDistributionCreateManifestStep
